<?xml version="1.0" encoding="UTF-8"?>
<!-- Generated by org.testng.reporters.JUnitReportReporter -->
<testsuite hostname="DESKTOP-UTIP4VK" failures="0" tests="2" name="ExtentReportBasicDemo.DemoExtentReport" time="2.467" errors="0" timestamp="04 May 2023 08:32:31 GMT" skipped="0">
  <testcase classname="ExtentReportBasicDemo.DemoExtentReport" name="TestCase_002" time="2.422"/>
  <testcase classname="ExtentReportBasicDemo.DemoExtentReport" name="TestCase_001" time="0.045"/>
</testsuite> <!-- ExtentReportBasicDemo.DemoExtentReport -->
